[2024-08-09 12:36:48,791: INFO: main: Welcome to my custom log]
[2024-09-02 13:52:18,756: INFO: common: yaml file: config\config.yaml loaded successfully]
[2024-09-02 13:52:18,768: INFO: common: yaml file: params.yaml loaded successfully]
[2024-09-02 13:56:40,850: INFO: common: yaml file: config\config.yaml loaded successfully]
[2024-09-02 13:56:40,852: INFO: common: yaml file: params.yaml loaded successfully]
[2024-09-02 13:56:42,653: INFO: common: yaml file: config\config.yaml loaded successfully]
[2024-09-02 13:56:42,656: INFO: common: yaml file: params.yaml loaded successfully]
[2024-09-02 13:58:03,530: INFO: common: yaml file: config\config.yaml loaded successfully]
[2024-09-02 13:58:03,535: INFO: common: yaml file: params.yaml loaded successfully]
[2024-09-02 14:01:16,392: INFO: common: yaml file: config\config.yaml loaded successfully]
[2024-09-02 14:01:16,394: INFO: common: yaml file: params.yaml loaded successfully]
[2024-09-02 14:01:21,673: INFO: common: yaml file: config\config.yaml loaded successfully]
[2024-09-02 14:01:21,676: INFO: common: yaml file: params.yaml loaded successfully]
[2024-09-02 14:01:23,329: INFO: common: yaml file: config\config.yaml loaded successfully]
[2024-09-02 14:01:23,331: INFO: common: yaml file: params.yaml loaded successfully]
[2024-09-02 14:07:09,022: INFO: common: yaml file: config\config.yaml loaded successfully]
[2024-09-02 14:07:09,029: INFO: common: yaml file: params.yaml loaded successfully]
[2024-09-14 19:31:31,710: INFO: common: yaml file: config\config.yaml loaded successfully]
[2024-09-14 19:31:31,714: INFO: common: yaml file: params.yaml loaded successfully]
[2024-09-14 19:31:31,715: INFO: common: created directory at: artifacts]
[2024-09-14 19:31:31,717: INFO: common: created directory at: artifacts/data_ingestion]
[2024-09-14 19:32:52,095: INFO: 1622266342: artifacts/data_ingestion/data.zip download! with following info: 
Connection: close
Content-Length: 11616915
Cache-Control: max-age=300
Content-Security-Policy: default-src 'none'; style-src 'unsafe-inline'; sandbox
Content-Type: application/zip
ETag: "adf745abc03891fe493c3be264ec012691fe3fa21d861f35a27edbe6d86a76b1"
Strict-Transport-Security: max-age=31536000
X-Content-Type-Options: nosniff
X-Frame-Options: deny
X-XSS-Protection: 1; mode=block
X-GitHub-Request-Id: 66A1:342CA7:2FC72B7:31E353D:66E59E43
Accept-Ranges: bytes
Date: Sat, 14 Sep 2024 14:31:33 GMT
Via: 1.1 varnish
X-Served-By: cache-fra-eddf8230136-FRA
X-Cache: MISS
X-Cache-Hits: 0
X-Timer: S1726324293.006384,VS0,VE601
Vary: Authorization,Accept-Encoding,Origin
Access-Control-Allow-Origin: *
Cross-Origin-Resource-Policy: cross-origin
X-Fastly-Request-ID: 45e1d299e614da650d0b01d9478f4078f1f40227
Expires: Sat, 14 Sep 2024 14:36:33 GMT
Source-Age: 0

]
